<?xml version="1.0" encoding="UTF-8"?>
<!-- Generated by org.testng.reporters.JUnitXMLReporter -->
<testsuite ignored="0" hostname="Shyam_Why" failures="1" tests="1" name="Command line test" time="9.218" errors="0" timestamp="2022-09-01T19:17:37 NZST">
  <testcase classname="io.cucumber.testng.AbstractTestNGCucumberTests" name="runScenario" time="8.404">
    <failure type="io.cucumber.java.PendingException" message="TODO: implement me">
      <![CDATA[io.cucumber.java.PendingException: TODO: implement me
at steps.PayeeSteps.payees_page_is_loaded(PayeeSteps.java:29)
at âœ½.Payees page is loaded(file:///C:/TestingProjects/DatacomNZ/feature/Payees.feature:10)
]]>
    </failure>
  </testcase> <!-- runScenario -->
</testsuite> <!-- Command line test -->
