<?xml version="1.0" encoding="UTF-8"?>
<!-- Generated by org.testng.reporters.JUnitReportReporter -->
<testsuite hostname="Shyam_Why" failures="0" tests="1" name="runner.TestRunner" time="8.404" errors="1" timestamp="2022-09-01T19:17:37 NZST" skipped="0">
  <testcase classname="runner.TestRunner" name="runScenario" time="8.404">
    <error message="TODO: implement me" type="io.cucumber.java.PendingException">
      <![CDATA[io.cucumber.java.PendingException: TODO: implement me
at steps.PayeeSteps.payees_page_is_loaded(PayeeSteps.java:29)
at âœ½.Payees page is loaded(file:///C:/TestingProjects/DatacomNZ/feature/Payees.feature:10)
]]>
    </error>
  </testcase> <!-- runScenario -->
  <system-out/>
</testsuite> <!-- runner.TestRunner -->
